Warning: You are sending unauthenticated requests to the HF Hub. Please set a HF_TOKEN to enable higher rate limits and faster downloads.
Loading weights:   0%|          | 0/290 [00:00<?, ?it/s]Loading weights:  23%|██▎       | 67/290 [00:00<00:00, 653.19it/s]Loading weights:  46%|████▌     | 133/290 [00:00<00:00, 564.58it/s]Loading weights:  66%|██████▌   | 191/290 [00:00<00:00, 554.12it/s]Loading weights:  85%|████████▌ | 247/290 [00:00<00:00, 541.09it/s]Loading weights: 100%|██████████| 290/290 [00:00<00:00, 590.12it/s]
ReparamLM (Adam) [table 2048->96 x12; 1152->1024->2048]
ownership targets (reduced ids): [140, 99, 42]
step   500 KL=3.466 agree=0.062 acc=0.047 best=0.062 dead=0 concept_sel=+0.1908 t=54s
step  1000 KL=3.135 agree=0.113 acc=0.111 best=0.113 dead=0 concept_sel=+0.3957 t=109s
step  1500 KL=2.883 agree=0.142 acc=0.118 best=0.142 dead=1 concept_sel=+0.5042 t=163s
step  2000 KL=2.532 agree=0.207 acc=0.164 best=0.207 dead=0 concept_sel=+0.5775 t=218s
step  2500 KL=2.483 agree=0.215 acc=0.182 best=0.215 dead=0 concept_sel=+0.6426 t=273s
step  3000 KL=2.299 agree=0.247 acc=0.198 best=0.247 dead=1 concept_sel=+0.7368 t=326s
step  3500 KL=2.243 agree=0.258 acc=0.213 best=0.258 dead=1 concept_sel=+0.8158 t=380s
step  4000 KL=2.254 agree=0.255 acc=0.188 best=0.258 dead=0 concept_sel=+0.8729 t=434s
step  4500 KL=2.063 agree=0.243 acc=0.215 best=0.258 dead=0 concept_sel=+0.9074 t=488s
step  5000 KL=1.938 agree=0.296 acc=0.247 best=0.296 dead=3 concept_sel=+0.9282 t=542s
step  5500 KL=1.963 agree=0.300 acc=0.241 best=0.300 dead=0 concept_sel=+0.9414 t=596s
step  6000 KL=1.840 agree=0.327 acc=0.266 best=0.327 dead=2 concept_sel=+0.9511 t=650s
step  6500 KL=1.922 agree=0.309 acc=0.245 best=0.327 dead=1 concept_sel=+0.9585 t=703s
step  7000 KL=1.834 agree=0.317 acc=0.248 best=0.327 dead=3 concept_sel=+0.9641 t=757s
step  7500 KL=1.855 agree=0.296 acc=0.256 best=0.327 dead=3 concept_sel=+0.9683 t=811s
step  8000 KL=1.888 agree=0.307 acc=0.257 best=0.327 dead=0 concept_sel=+0.9717 t=864s
step  8500 KL=1.873 agree=0.292 acc=0.241 best=0.327 dead=3 concept_sel=+0.9745 t=919s
step  9000 KL=1.931 agree=0.298 acc=0.246 best=0.327 dead=2 concept_sel=+0.9765 t=965s
step  9500 KL=1.932 agree=0.301 acc=0.240 best=0.327 dead=0 concept_sel=+0.9782 t=1012s
step 10000 KL=1.935 agree=0.306 acc=0.227 best=0.327 dead=1 concept_sel=+0.9796 t=1058s
step 10500 KL=1.795 agree=0.328 acc=0.269 best=0.328 dead=2 concept_sel=+0.9806 t=1104s
step 11000 KL=1.846 agree=0.306 acc=0.252 best=0.328 dead=1 concept_sel=+0.9815 t=1154s
step 11500 KL=1.888 agree=0.288 acc=0.234 best=0.328 dead=1 concept_sel=+0.9820 t=1208s
step 12000 KL=1.863 agree=0.300 acc=0.259 best=0.328 dead=0 concept_sel=+0.9824 t=1261s
step 12500 KL=1.791 agree=0.303 acc=0.269 best=0.328 dead=3 concept_sel=+0.9827 t=1314s
step 13000 KL=1.806 agree=0.307 acc=0.242 best=0.328 dead=0 concept_sel=+0.9828 t=1368s
step 13500 KL=1.822 agree=0.332 acc=0.267 best=0.332 dead=1 concept_sel=+0.9829 t=1422s
step 14000 KL=1.810 agree=0.316 acc=0.254 best=0.332 dead=1 concept_sel=+0.9829 t=1476s
saved model_ownB.npz (best agree=0.332)
